0 info it worked if it ends with ok
1 verbose cli [ 'C:\\Program Files\\nodejs\\node.exe',
1 verbose cli   'C:\\Program Files\\nodejs\\node_modules\\npm\\bin\\npm-cli.js',
1 verbose cli   'install',
1 verbose cli   'oracledb' ]
2 info using npm@2.15.9
3 info using node@v4.5.0
4 verbose install initial load of C:\data\package.json
5 verbose installManyTop reading scoped package data from C:\data\node_modules\express\package.json
6 verbose installManyTop reading scoped package data from C:\data\node_modules\socket.io\package.json
7 verbose readDependencies loading dependencies from C:\data\package.json
8 silly cache add args [ 'oracledb', null ]
9 verbose cache add spec oracledb
10 silly cache add parsed spec Result {
10 silly cache add   raw: 'oracledb',
10 silly cache add   scope: null,
10 silly cache add   name: 'oracledb',
10 silly cache add   rawSpec: '',
10 silly cache add   spec: 'latest',
10 silly cache add   type: 'tag' }
11 silly addNamed oracledb@latest
12 verbose addNamed "latest" is being treated as a dist-tag for oracledb
13 info addNameTag [ 'oracledb', 'latest' ]
14 silly mapToRegistry name oracledb
15 silly mapToRegistry using default registry
16 silly mapToRegistry registry https://registry.npmjs.org/
17 silly mapToRegistry data Result {
17 silly mapToRegistry   raw: 'oracledb',
17 silly mapToRegistry   scope: null,
17 silly mapToRegistry   name: 'oracledb',
17 silly mapToRegistry   rawSpec: '',
17 silly mapToRegistry   spec: 'latest',
17 silly mapToRegistry   type: 'tag' }
18 silly mapToRegistry uri https://registry.npmjs.org/oracledb
19 verbose addNameTag registry:https://registry.npmjs.org/oracledb not in flight; fetching
20 verbose request uri https://registry.npmjs.org/oracledb
21 verbose request no auth needed
22 info attempt registry request try #1 at 11:39:08 AM
23 verbose request id 8cbbb3a441c52663
24 verbose etag W/"58887b03-a611"
25 verbose lastModified Wed, 25 Jan 2017 10:16:35 GMT
26 http request GET https://registry.npmjs.org/oracledb
27 http 304 https://registry.npmjs.org/oracledb
28 verbose headers { date: 'Thu, 16 Feb 2017 04:39:09 GMT',
28 verbose headers   via: '1.1 varnish',
28 verbose headers   'cache-control': 'max-age=300',
28 verbose headers   etag: 'W/"58887b03-a611"',
28 verbose headers   age: '0',
28 verbose headers   connection: 'keep-alive',
28 verbose headers   'x-served-by': 'cache-lax8650-LAX',
28 verbose headers   'x-cache': 'HIT',
28 verbose headers   'x-cache-hits': '1',
28 verbose headers   'x-timer': 'S1487219949.578007,VS0,VE156',
28 verbose headers   vary: 'Accept-Encoding' }
29 silly get cb [ 304,
29 silly get   { date: 'Thu, 16 Feb 2017 04:39:09 GMT',
29 silly get     via: '1.1 varnish',
29 silly get     'cache-control': 'max-age=300',
29 silly get     etag: 'W/"58887b03-a611"',
29 silly get     age: '0',
29 silly get     connection: 'keep-alive',
29 silly get     'x-served-by': 'cache-lax8650-LAX',
29 silly get     'x-cache': 'HIT',
29 silly get     'x-cache-hits': '1',
29 silly get     'x-timer': 'S1487219949.578007,VS0,VE156',
29 silly get     vary: 'Accept-Encoding' } ]
30 verbose etag https://registry.npmjs.org/oracledb from cache
31 verbose get saving oracledb to C:\Users\dtdan\AppData\Roaming\npm-cache\registry.npmjs.org\oracledb\.cache.json
32 verbose correctMkdir C:\Users\dtdan\AppData\Roaming\npm-cache correctMkdir not in flight; initializing
33 silly addNameTag next cb for oracledb with tag latest
34 silly addNamed oracledb@1.12.2
35 verbose addNamed "1.12.2" is a plain semver version for oracledb
36 silly cache afterAdd oracledb@1.12.2
37 verbose afterAdd C:\Users\dtdan\AppData\Roaming\npm-cache\oracledb\1.12.2\package\package.json not in flight; writing
38 verbose correctMkdir C:\Users\dtdan\AppData\Roaming\npm-cache correctMkdir not in flight; initializing
39 verbose afterAdd C:\Users\dtdan\AppData\Roaming\npm-cache\oracledb\1.12.2\package\package.json written
40 silly install resolved [ { name: 'oracledb',
40 silly install resolved     version: '1.12.2',
40 silly install resolved     description: 'Oracle Database driver by Oracle Corp.',
40 silly install resolved     license: 'Apache-2.0',
40 silly install resolved     homepage: 'http://www.oracle.com/technetwork/database/database-technologies/scripting-languages/node_js/',
40 silly install resolved     keywords:
40 silly install resolved      [ 'Oracle',
40 silly install resolved        'Database',
40 silly install resolved        'official',
40 silly install resolved        'DB',
40 silly install resolved        'SQL',
40 silly install resolved        'JSON',
40 silly install resolved        'PL/SQL',
40 silly install resolved        'OCI',
40 silly install resolved        'API',
40 silly install resolved        'client',
40 silly install resolved        'library',
40 silly install resolved        'driver',
40 silly install resolved        'add-on',
40 silly install resolved        'extension',
40 silly install resolved        'binding',
40 silly install resolved        'interface',
40 silly install resolved        'adapter',
40 silly install resolved        'module' ],
40 silly install resolved     repository:
40 silly install resolved      { type: 'git',
40 silly install resolved        url: 'git://github.com/oracle/node-oracledb.git' },
40 silly install resolved     dependencies: { nan: '~2.4.0' },
40 silly install resolved     devDependencies: { mocha: '^2.4.5', should: '^8.3.1', async: '^1.5.0' },
40 silly install resolved     scripts:
40 silly install resolved      { test: 'mocha --opts test/opts/mocha.opts',
40 silly install resolved        posttest: 'node test/opts/versions.js',
40 silly install resolved        testwindows: 'mocha --opts test\\opts\\mocha.opts && npm run posttest',
40 silly install resolved        install: 'node-gyp rebuild' },
40 silly install resolved     engines: { node: '>=0.10.28' },
40 silly install resolved     maintainers: [ [Object], [Object] ],
40 silly install resolved     bugs: { url: 'https://github.com/oracle/node-oracledb/issues' },
40 silly install resolved     main: './index.js',
40 silly install resolved     gypfile: true,
40 silly install resolved     _id: 'oracledb@1.12.2',
40 silly install resolved     _shasum: 'a377509fc9d91cb00036024e5d5a0c6695cc96d8',
40 silly install resolved     _resolved: 'https://registry.npmjs.org/oracledb/-/oracledb-1.12.2.tgz',
40 silly install resolved     _from: 'oracledb@latest',
40 silly install resolved     _npmVersion: '3.10.9',
40 silly install resolved     _nodeVersion: '7.2.1',
40 silly install resolved     _npmUser: { name: 'cjbj', email: 'christopher.jones@oracle.com' },
40 silly install resolved     dist:
40 silly install resolved      { shasum: 'a377509fc9d91cb00036024e5d5a0c6695cc96d8',
40 silly install resolved        tarball: 'https://registry.npmjs.org/oracledb/-/oracledb-1.12.2.tgz' },
40 silly install resolved     _npmOperationalInternal:
40 silly install resolved      { host: 'packages-12-west.internal.npmjs.com',
40 silly install resolved        tmp: 'tmp/oracledb-1.12.2.tgz_1482316141087_0.6534921012353152' },
40 silly install resolved     directories: {},
40 silly install resolved     readme: 'ERROR: No README data found!' } ]
41 info install oracledb@1.12.2 into C:\data
42 info installOne oracledb@1.12.2
43 verbose installOne of oracledb to C:\data not in flight; installing
44 verbose correctMkdir C:\Users\dtdan\AppData\Roaming\npm-cache\_locks correctMkdir not in flight; initializing
45 verbose lock using C:\Users\dtdan\AppData\Roaming\npm-cache\_locks\oracledb-9cd723f83a8488f8.lock for C:\data\node_modules\oracledb
46 silly install write writing oracledb 1.12.2 to C:\data\node_modules\oracledb
47 verbose unbuild node_modules\oracledb
48 silly gentlyRm C:\data\node_modules\oracledb is being purged from base C:\data
49 verbose gentlyRm don't care about contents; nuking C:\data\node_modules\oracledb
50 verbose tar unpack C:\Users\dtdan\AppData\Roaming\npm-cache\oracledb\1.12.2\package.tgz
51 verbose tar unpacking to C:\data\node_modules\oracledb
52 silly gentlyRm C:\data\node_modules\oracledb is being purged
53 verbose gentlyRm don't care about contents; nuking C:\data\node_modules\oracledb
54 silly gunzTarPerm modes [ '777', '666' ]
55 silly gunzTarPerm extractEntry package.json
56 silly gunzTarPerm modified mode [ 'package.json', 420, 438 ]
57 silly gunzTarPerm extractEntry README.md
58 silly gunzTarPerm modified mode [ 'README.md', 420, 438 ]
59 silly gunzTarPerm extractEntry index.js
60 silly gunzTarPerm modified mode [ 'index.js', 420, 438 ]
61 silly gunzTarPerm extractEntry CHANGELOG.md
62 silly gunzTarPerm modified mode [ 'CHANGELOG.md', 420, 438 ]
63 silly gunzTarPerm extractEntry LICENSE.md
64 silly gunzTarPerm modified mode [ 'LICENSE.md', 420, 438 ]
65 silly gunzTarPerm extractEntry binding.gyp
66 silly gunzTarPerm modified mode [ 'binding.gyp', 420, 438 ]
67 silly gunzTarPerm extractEntry lib/connection.js
68 silly gunzTarPerm modified mode [ 'lib/connection.js', 420, 438 ]
69 silly gunzTarPerm extractEntry lib/lob.js
70 silly gunzTarPerm modified mode [ 'lib/lob.js', 420, 438 ]
71 silly gunzTarPerm extractEntry lib/oracledb.js
72 silly gunzTarPerm modified mode [ 'lib/oracledb.js', 420, 438 ]
73 silly gunzTarPerm extractEntry lib/pool.js
74 silly gunzTarPerm modified mode [ 'lib/pool.js', 420, 438 ]
75 silly gunzTarPerm extractEntry lib/querystream.js
76 silly gunzTarPerm modified mode [ 'lib/querystream.js', 420, 438 ]
77 silly gunzTarPerm extractEntry lib/resultset.js
78 silly gunzTarPerm modified mode [ 'lib/resultset.js', 420, 438 ]
79 silly gunzTarPerm extractEntry lib/util.js
80 silly gunzTarPerm modified mode [ 'lib/util.js', 420, 438 ]
81 silly gunzTarPerm extractEntry src/dpi/include/dpi.h
82 silly gunzTarPerm modified mode [ 'src/dpi/include/dpi.h', 420, 438 ]
83 silly gunzTarPerm extractEntry src/dpi/include/dpiCommon.h
84 silly gunzTarPerm modified mode [ 'src/dpi/include/dpiCommon.h', 420, 438 ]
85 silly gunzTarPerm extractEntry src/dpi/include/dpiConn.h
86 silly gunzTarPerm modified mode [ 'src/dpi/include/dpiConn.h', 420, 438 ]
87 silly gunzTarPerm extractEntry src/dpi/include/dpiDateTimeArray.h
88 silly gunzTarPerm modified mode [ 'src/dpi/include/dpiDateTimeArray.h', 420, 438 ]
89 silly gunzTarPerm extractEntry src/dpi/include/dpiEnv.h
90 silly gunzTarPerm modified mode [ 'src/dpi/include/dpiEnv.h', 420, 438 ]
91 silly gunzTarPerm extractEntry src/dpi/include/dpiException.h
92 silly gunzTarPerm modified mode [ 'src/dpi/include/dpiException.h', 420, 438 ]
93 silly gunzTarPerm extractEntry src/dpi/include/dpiLob.h
94 silly gunzTarPerm modified mode [ 'src/dpi/include/dpiLob.h', 420, 438 ]
95 silly gunzTarPerm extractEntry src/dpi/include/dpiPool.h
96 silly gunzTarPerm modified mode [ 'src/dpi/include/dpiPool.h', 420, 438 ]
97 silly gunzTarPerm extractEntry src/dpi/include/dpiStmt.h
98 silly gunzTarPerm modified mode [ 'src/dpi/include/dpiStmt.h', 420, 438 ]
99 silly gunzTarPerm extractEntry src/dpi/src/dpiExceptionImpl.cpp
100 silly gunzTarPerm modified mode [ 'src/dpi/src/dpiExceptionImpl.cpp', 420, 438 ]
101 silly gunzTarPerm extractEntry src/dpi/src/dpiCommon.cpp
102 silly gunzTarPerm modified mode [ 'src/dpi/src/dpiCommon.cpp', 420, 438 ]
103 silly gunzTarPerm extractEntry src/dpi/src/dpiConnImpl.h
104 silly gunzTarPerm modified mode [ 'src/dpi/src/dpiConnImpl.h', 420, 438 ]
105 silly gunzTarPerm extractEntry src/dpi/src/dpiDateTimeArrayImpl.cpp
106 silly gunzTarPerm modified mode [ 'src/dpi/src/dpiDateTimeArrayImpl.cpp', 420, 438 ]
107 silly gunzTarPerm extractEntry src/dpi/src/dpiDateTimeArrayImpl.h
108 silly gunzTarPerm modified mode [ 'src/dpi/src/dpiDateTimeArrayImpl.h', 420, 438 ]
109 silly gunzTarPerm extractEntry src/dpi/src/dpiEnv.cpp
110 silly gunzTarPerm modified mode [ 'src/dpi/src/dpiEnv.cpp', 420, 438 ]
111 silly gunzTarPerm extractEntry src/dpi/src/dpiEnvImpl.cpp
112 silly gunzTarPerm modified mode [ 'src/dpi/src/dpiEnvImpl.cpp', 420, 438 ]
113 silly gunzTarPerm extractEntry src/dpi/src/dpiEnvImpl.h
114 silly gunzTarPerm modified mode [ 'src/dpi/src/dpiEnvImpl.h', 420, 438 ]
115 silly gunzTarPerm extractEntry src/dpi/src/dpiException.cpp
116 silly gunzTarPerm modified mode [ 'src/dpi/src/dpiException.cpp', 420, 438 ]
117 silly gunzTarPerm extractEntry src/dpi/src/dpiConnImpl.cpp
118 silly gunzTarPerm modified mode [ 'src/dpi/src/dpiConnImpl.cpp', 420, 438 ]
119 silly gunzTarPerm extractEntry src/dpi/src/dpiExceptionImpl.h
120 silly gunzTarPerm modified mode [ 'src/dpi/src/dpiExceptionImpl.h', 420, 438 ]
121 silly gunzTarPerm extractEntry src/dpi/src/dpiLob.cpp
122 silly gunzTarPerm modified mode [ 'src/dpi/src/dpiLob.cpp', 420, 438 ]
123 silly gunzTarPerm extractEntry src/dpi/src/dpiPoolImpl.cpp
124 silly gunzTarPerm modified mode [ 'src/dpi/src/dpiPoolImpl.cpp', 420, 438 ]
125 silly gunzTarPerm extractEntry src/dpi/src/dpiPoolImpl.h
126 silly gunzTarPerm modified mode [ 'src/dpi/src/dpiPoolImpl.h', 420, 438 ]
127 silly gunzTarPerm extractEntry src/dpi/src/dpiStmtImpl.cpp
128 silly gunzTarPerm modified mode [ 'src/dpi/src/dpiStmtImpl.cpp', 420, 438 ]
129 silly gunzTarPerm extractEntry src/dpi/src/dpiStmtImpl.h
130 silly gunzTarPerm modified mode [ 'src/dpi/src/dpiStmtImpl.h', 420, 438 ]
131 silly gunzTarPerm extractEntry src/dpi/src/dpiUtils.cpp
132 silly gunzTarPerm modified mode [ 'src/dpi/src/dpiUtils.cpp', 420, 438 ]
133 silly gunzTarPerm extractEntry src/dpi/src/dpiUtils.h
134 silly gunzTarPerm modified mode [ 'src/dpi/src/dpiUtils.h', 420, 438 ]
135 silly gunzTarPerm extractEntry src/njs/src/njsOracle.cpp
136 silly gunzTarPerm modified mode [ 'src/njs/src/njsOracle.cpp', 420, 438 ]
137 silly gunzTarPerm extractEntry src/njs/src/njsConnection.cpp
138 silly gunzTarPerm modified mode [ 'src/njs/src/njsConnection.cpp', 420, 438 ]
139 silly gunzTarPerm extractEntry src/njs/src/njsIntLob.cpp
140 silly gunzTarPerm modified mode [ 'src/njs/src/njsIntLob.cpp', 420, 438 ]
141 silly gunzTarPerm extractEntry src/njs/src/njsIntLob.h
142 silly gunzTarPerm modified mode [ 'src/njs/src/njsIntLob.h', 420, 438 ]
143 silly gunzTarPerm extractEntry src/njs/src/njsMessages.cpp
144 silly gunzTarPerm modified mode [ 'src/njs/src/njsMessages.cpp', 420, 438 ]
145 silly gunzTarPerm extractEntry src/njs/src/njsMessages.h
146 silly gunzTarPerm modified mode [ 'src/njs/src/njsMessages.h', 420, 438 ]
147 silly gunzTarPerm extractEntry src/njs/src/njsConnection.h
148 silly gunzTarPerm modified mode [ 'src/njs/src/njsConnection.h', 420, 438 ]
149 silly gunzTarPerm extractEntry src/njs/src/njsOracle.h
150 silly gunzTarPerm modified mode [ 'src/njs/src/njsOracle.h', 420, 438 ]
151 silly gunzTarPerm extractEntry src/njs/src/njsPool.cpp
152 silly gunzTarPerm modified mode [ 'src/njs/src/njsPool.cpp', 420, 438 ]
153 silly gunzTarPerm extractEntry src/njs/src/njsPool.h
154 silly gunzTarPerm modified mode [ 'src/njs/src/njsPool.h', 420, 438 ]
155 silly gunzTarPerm extractEntry src/njs/src/njsResultSet.cpp
156 silly gunzTarPerm modified mode [ 'src/njs/src/njsResultSet.cpp', 420, 438 ]
157 silly gunzTarPerm extractEntry src/njs/src/njsResultSet.h
158 silly gunzTarPerm modified mode [ 'src/njs/src/njsResultSet.h', 420, 438 ]
159 silly gunzTarPerm extractEntry src/njs/src/njsUtils.h
160 silly gunzTarPerm modified mode [ 'src/njs/src/njsUtils.h', 420, 438 ]
161 verbose write writing to C:\data\node_modules\oracledb\package.json
162 info preinstall oracledb@1.12.2
163 verbose readDependencies loading dependencies from C:\data\node_modules\oracledb\package.json
164 silly prepareForInstallMany adding nan@~2.4.0 from oracledb dependencies
165 verbose readDependencies loading dependencies from C:\data\node_modules\oracledb\package.json
166 silly cache add args [ 'nan@~2.4.0', null ]
167 verbose cache add spec nan@~2.4.0
168 silly cache add parsed spec Result {
168 silly cache add   raw: 'nan@~2.4.0',
168 silly cache add   scope: null,
168 silly cache add   name: 'nan',
168 silly cache add   rawSpec: '~2.4.0',
168 silly cache add   spec: '>=2.4.0 <2.5.0',
168 silly cache add   type: 'range' }
169 silly addNamed nan@>=2.4.0 <2.5.0
170 verbose addNamed ">=2.4.0 <2.5.0" is a valid semver range for nan
171 silly addNameRange { name: 'nan', range: '>=2.4.0 <2.5.0', hasData: false }
172 silly mapToRegistry name nan
173 silly mapToRegistry using default registry
174 silly mapToRegistry registry https://registry.npmjs.org/
175 silly mapToRegistry data Result {
175 silly mapToRegistry   raw: 'nan',
175 silly mapToRegistry   scope: null,
175 silly mapToRegistry   name: 'nan',
175 silly mapToRegistry   rawSpec: '',
175 silly mapToRegistry   spec: 'latest',
175 silly mapToRegistry   type: 'tag' }
176 silly mapToRegistry uri https://registry.npmjs.org/nan
177 verbose addNameRange registry:https://registry.npmjs.org/nan not in flight; fetching
178 verbose request uri https://registry.npmjs.org/nan
179 verbose request no auth needed
180 info attempt registry request try #1 at 11:39:09 AM
181 verbose etag W/"58a44b6b-1df62"
182 verbose lastModified Wed, 15 Feb 2017 12:36:59 GMT
183 http request GET https://registry.npmjs.org/nan
184 http 304 https://registry.npmjs.org/nan
185 verbose headers { date: 'Thu, 16 Feb 2017 04:39:10 GMT',
185 verbose headers   via: '1.1 varnish',
185 verbose headers   'cache-control': 'max-age=300',
185 verbose headers   etag: 'W/"58a44b6b-1df62"',
185 verbose headers   age: '186',
185 verbose headers   connection: 'keep-alive',
185 verbose headers   'x-served-by': 'cache-lax8650-LAX',
185 verbose headers   'x-cache': 'HIT',
185 verbose headers   'x-cache-hits': '1',
185 verbose headers   'x-timer': 'S1487219950.240947,VS0,VE0',
185 verbose headers   vary: 'Accept-Encoding' }
186 silly get cb [ 304,
186 silly get   { date: 'Thu, 16 Feb 2017 04:39:10 GMT',
186 silly get     via: '1.1 varnish',
186 silly get     'cache-control': 'max-age=300',
186 silly get     etag: 'W/"58a44b6b-1df62"',
186 silly get     age: '186',
186 silly get     connection: 'keep-alive',
186 silly get     'x-served-by': 'cache-lax8650-LAX',
186 silly get     'x-cache': 'HIT',
186 silly get     'x-cache-hits': '1',
186 silly get     'x-timer': 'S1487219950.240947,VS0,VE0',
186 silly get     vary: 'Accept-Encoding' } ]
187 verbose etag https://registry.npmjs.org/nan from cache
188 verbose get saving nan to C:\Users\dtdan\AppData\Roaming\npm-cache\registry.npmjs.org\nan\.cache.json
189 verbose correctMkdir C:\Users\dtdan\AppData\Roaming\npm-cache correctMkdir not in flight; initializing
190 silly addNameRange number 2 { name: 'nan', range: '>=2.4.0 <2.5.0', hasData: true }
191 silly addNameRange versions [ 'nan',
191 silly addNameRange   [ '0.3.0-wip',
191 silly addNameRange     '0.3.0-wip2',
191 silly addNameRange     '0.3.0',
191 silly addNameRange     '0.3.1',
191 silly addNameRange     '0.3.2',
191 silly addNameRange     '0.4.0',
191 silly addNameRange     '0.4.1',
191 silly addNameRange     '0.4.2',
191 silly addNameRange     '0.4.3',
191 silly addNameRange     '0.4.4',
191 silly addNameRange     '0.5.0',
191 silly addNameRange     '0.5.1',
191 silly addNameRange     '0.5.2',
191 silly addNameRange     '0.6.0',
191 silly addNameRange     '0.7.0',
191 silly addNameRange     '0.7.1',
191 silly addNameRange     '0.8.0',
191 silly addNameRange     '1.0.0',
191 silly addNameRange     '1.1.0',
191 silly addNameRange     '1.1.1',
191 silly addNameRange     '1.1.2',
191 silly addNameRange     '1.2.0',
191 silly addNameRange     '1.3.0',
191 silly addNameRange     '1.4.0',
191 silly addNameRange     '1.4.1',
191 silly addNameRange     '1.5.0',
191 silly addNameRange     '1.4.2',
191 silly addNameRange     '1.4.3',
191 silly addNameRange     '1.5.1',
191 silly addNameRange     '1.5.2',
191 silly addNameRange     '1.6.0',
191 silly addNameRange     '1.5.3',
191 silly addNameRange     '1.6.1',
191 silly addNameRange     '1.6.2',
191 silly addNameRange     '1.7.0',
191 silly addNameRange     '1.8.0',
191 silly addNameRange     '1.8.1',
191 silly addNameRange     '1.8.2',
191 silly addNameRange     '1.8.3',
191 silly addNameRange     '1.8.4',
191 silly addNameRange     '1.9.0',
191 silly addNameRange     '2.0.0',
191 silly addNameRange     '2.0.1',
191 silly addNameRange     '2.0.2',
191 silly addNameRange     '2.0.3',
191 silly addNameRange     '2.0.4',
191 silly addNameRange     '2.0.5',
191 silly addNameRange     '2.0.6',
191 silly addNameRange     '2.0.7',
191 silly addNameRange     '2.0.8',
191 silly addNameRange     '2.0.9',
191 silly addNameRange     '2.1.0',
191 silly addNameRange     '2.2.0',
191 silly addNameRange     '2.2.1',
191 silly addNameRange     '2.3.0',
191 silly addNameRange     '2.3.1',
191 silly addNameRange     '2.3.2',
191 silly addNameRange     '2.3.3',
191 silly addNameRange     '2.3.4',
191 silly addNameRange     '2.3.5',
191 silly addNameRange     '2.4.0',
191 silly addNameRange     '2.5.0',
191 silly addNameRange     '2.5.1' ] ]
192 silly addNamed nan@2.4.0
193 verbose addNamed "2.4.0" is a plain semver version for nan
194 silly cache afterAdd nan@2.4.0
195 verbose afterAdd C:\Users\dtdan\AppData\Roaming\npm-cache\nan\2.4.0\package\package.json not in flight; writing
196 verbose correctMkdir C:\Users\dtdan\AppData\Roaming\npm-cache correctMkdir not in flight; initializing
197 verbose afterAdd C:\Users\dtdan\AppData\Roaming\npm-cache\nan\2.4.0\package\package.json written
198 silly install resolved [ { name: 'nan',
198 silly install resolved     version: '2.4.0',
198 silly install resolved     description: 'Native Abstractions for Node.js: C++ header for Node 0.8 -> 6 compatibility',
198 silly install resolved     main: 'include_dirs.js',
198 silly install resolved     repository: { type: 'git', url: 'git://github.com/nodejs/nan.git' },
198 silly install resolved     scripts:
198 silly install resolved      { test: 'tap --gc --stderr test/js/*-test.js',
198 silly install resolved        'rebuild-tests': 'node-gyp rebuild --msvs_version=2013 --directory test',
198 silly install resolved        docs: 'doc/.build.sh' },
198 silly install resolved     contributors:
198 silly install resolved      [ [Object],
198 silly install resolved        [Object],
198 silly install resolved        [Object],
198 silly install resolved        [Object],
198 silly install resolved        [Object],
198 silly install resolved        [Object],
198 silly install resolved        [Object] ],
198 silly install resolved     devDependencies:
198 silly install resolved      { bindings: '~1.2.1',
198 silly install resolved        commander: '^2.8.1',
198 silly install resolved        glob: '^5.0.14',
198 silly install resolved        'node-gyp': '~3.0.1',
198 silly install resolved        'readable-stream': '^2.1.4',
198 silly install resolved        tap: '~0.7.1',
198 silly install resolved        xtend: '~4.0.0' },
198 silly install resolved     license: 'MIT',
198 silly install resolved     bugs: { url: 'https://github.com/nodejs/nan/issues' },
198 silly install resolved     homepage: 'https://github.com/nodejs/nan#readme',
198 silly install resolved     _id: 'nan@2.4.0',
198 silly install resolved     _shasum: 'fb3c59d45fe4effe215f0b890f8adf6eb32d2232',
198 silly install resolved     _resolved: 'https://registry.npmjs.org/nan/-/nan-2.4.0.tgz',
198 silly install resolved     _from: 'nan@>=2.4.0 <2.5.0',
198 silly install resolved     _npmVersion: '3.3.6',
198 silly install resolved     _nodeVersion: '5.0.0',
198 silly install resolved     _npmUser: { name: 'kkoopa', email: 'bbyholm@abo.fi' },
198 silly install resolved     dist:
198 silly install resolved      { shasum: 'fb3c59d45fe4effe215f0b890f8adf6eb32d2232',
198 silly install resolved        tarball: 'https://registry.npmjs.org/nan/-/nan-2.4.0.tgz' },
198 silly install resolved     maintainers: [ [Object], [Object] ],
198 silly install resolved     _npmOperationalInternal:
198 silly install resolved      { host: 'packages-16-east.internal.npmjs.com',
198 silly install resolved        tmp: 'tmp/nan-2.4.0.tgz_1468158679820_0.6951719264034182' },
198 silly install resolved     directories: {},
198 silly install resolved     readme: 'ERROR: No README data found!' } ]
199 info install nan@2.4.0 into C:\data\node_modules\oracledb
200 info installOne nan@2.4.0
201 verbose installOne of nan to C:\data\node_modules\oracledb not in flight; installing
202 verbose correctMkdir C:\Users\dtdan\AppData\Roaming\npm-cache\_locks correctMkdir not in flight; initializing
203 verbose lock using C:\Users\dtdan\AppData\Roaming\npm-cache\_locks\nan-2ace59240245e62c.lock for C:\data\node_modules\oracledb\node_modules\nan
204 silly install write writing nan 2.4.0 to C:\data\node_modules\oracledb\node_modules\nan
205 verbose unbuild node_modules\oracledb\node_modules\nan
206 silly gentlyRm C:\data\node_modules\oracledb\node_modules\nan is being purged from base C:\data
207 verbose gentlyRm don't care about contents; nuking C:\data\node_modules\oracledb\node_modules\nan
208 verbose tar unpack C:\Users\dtdan\AppData\Roaming\npm-cache\nan\2.4.0\package.tgz
209 verbose tar unpacking to C:\data\node_modules\oracledb\node_modules\nan
210 silly gentlyRm C:\data\node_modules\oracledb\node_modules\nan is being purged
211 verbose gentlyRm don't care about contents; nuking C:\data\node_modules\oracledb\node_modules\nan
212 silly gunzTarPerm modes [ '777', '666' ]
213 silly gunzTarPerm extractEntry package.json
214 silly gunzTarPerm modified mode [ 'package.json', 436, 438 ]
215 silly gunzTarPerm extractEntry README.md
216 silly gunzTarPerm modified mode [ 'README.md', 436, 438 ]
217 silly gunzTarPerm extractEntry include_dirs.js
218 silly gunzTarPerm modified mode [ 'include_dirs.js', 436, 438 ]
219 silly gunzTarPerm extractEntry nan_callbacks_pre_12_inl.h
220 silly gunzTarPerm modified mode [ 'nan_callbacks_pre_12_inl.h', 436, 438 ]
221 silly gunzTarPerm extractEntry CHANGELOG.md
222 silly gunzTarPerm modified mode [ 'CHANGELOG.md', 436, 438 ]
223 silly gunzTarPerm extractEntry LICENSE.md
224 silly gunzTarPerm modified mode [ 'LICENSE.md', 436, 438 ]
225 silly gunzTarPerm extractEntry doc/node_misc.md
226 silly gunzTarPerm modified mode [ 'doc/node_misc.md', 436, 438 ]
227 silly gunzTarPerm extractEntry doc/asyncworker.md
228 silly gunzTarPerm modified mode [ 'doc/asyncworker.md', 436, 438 ]
229 silly gunzTarPerm extractEntry doc/callback.md
230 silly gunzTarPerm modified mode [ 'doc/callback.md', 436, 438 ]
231 silly gunzTarPerm extractEntry doc/converters.md
232 silly gunzTarPerm modified mode [ 'doc/converters.md', 436, 438 ]
233 silly gunzTarPerm extractEntry doc/errors.md
234 silly gunzTarPerm modified mode [ 'doc/errors.md', 436, 438 ]
235 silly gunzTarPerm extractEntry doc/maybe_types.md
236 silly gunzTarPerm modified mode [ 'doc/maybe_types.md', 436, 438 ]
237 silly gunzTarPerm extractEntry doc/methods.md
238 silly gunzTarPerm modified mode [ 'doc/methods.md', 436, 438 ]
239 silly gunzTarPerm extractEntry doc/new.md
240 silly gunzTarPerm modified mode [ 'doc/new.md', 436, 438 ]
241 silly gunzTarPerm extractEntry doc/buffers.md
242 silly gunzTarPerm modified mode [ 'doc/buffers.md', 436, 438 ]
243 silly gunzTarPerm extractEntry doc/object_wrappers.md
244 silly gunzTarPerm modified mode [ 'doc/object_wrappers.md', 436, 438 ]
245 silly gunzTarPerm extractEntry doc/persistent.md
246 silly gunzTarPerm modified mode [ 'doc/persistent.md', 436, 438 ]
247 silly gunzTarPerm extractEntry doc/scopes.md
248 silly gunzTarPerm modified mode [ 'doc/scopes.md', 436, 438 ]
249 silly gunzTarPerm extractEntry doc/script.md
250 silly gunzTarPerm modified mode [ 'doc/script.md', 436, 438 ]
251 silly gunzTarPerm extractEntry doc/string_bytes.md
252 silly gunzTarPerm modified mode [ 'doc/string_bytes.md', 436, 438 ]
253 silly gunzTarPerm extractEntry doc/v8_internals.md
254 silly gunzTarPerm modified mode [ 'doc/v8_internals.md', 436, 438 ]
255 silly gunzTarPerm extractEntry doc/v8_misc.md
256 silly gunzTarPerm modified mode [ 'doc/v8_misc.md', 436, 438 ]
257 silly gunzTarPerm extractEntry nan.h
258 silly gunzTarPerm modified mode [ 'nan.h', 436, 438 ]
259 silly gunzTarPerm extractEntry nan_callbacks.h
260 silly gunzTarPerm modified mode [ 'nan_callbacks.h', 436, 438 ]
261 silly gunzTarPerm extractEntry nan_callbacks_12_inl.h
262 silly gunzTarPerm modified mode [ 'nan_callbacks_12_inl.h', 436, 438 ]
263 silly gunzTarPerm extractEntry nan_converters.h
264 silly gunzTarPerm modified mode [ 'nan_converters.h', 436, 438 ]
265 silly gunzTarPerm extractEntry nan_converters_43_inl.h
266 silly gunzTarPerm modified mode [ 'nan_converters_43_inl.h', 436, 438 ]
267 silly gunzTarPerm extractEntry nan_converters_pre_43_inl.h
268 silly gunzTarPerm modified mode [ 'nan_converters_pre_43_inl.h', 436, 438 ]
269 silly gunzTarPerm extractEntry nan_implementation_12_inl.h
270 silly gunzTarPerm modified mode [ 'nan_implementation_12_inl.h', 436, 438 ]
271 silly gunzTarPerm extractEntry nan_implementation_pre_12_inl.h
272 silly gunzTarPerm modified mode [ 'nan_implementation_pre_12_inl.h', 436, 438 ]
273 silly gunzTarPerm extractEntry nan_maybe_43_inl.h
274 silly gunzTarPerm modified mode [ 'nan_maybe_43_inl.h', 436, 438 ]
275 silly gunzTarPerm extractEntry nan_maybe_pre_43_inl.h
276 silly gunzTarPerm modified mode [ 'nan_maybe_pre_43_inl.h', 436, 438 ]
277 silly gunzTarPerm extractEntry nan_new.h
278 silly gunzTarPerm modified mode [ 'nan_new.h', 436, 438 ]
279 silly gunzTarPerm extractEntry nan_object_wrap.h
280 silly gunzTarPerm modified mode [ 'nan_object_wrap.h', 436, 438 ]
281 silly gunzTarPerm extractEntry nan_persistent_12_inl.h
282 silly gunzTarPerm modified mode [ 'nan_persistent_12_inl.h', 436, 438 ]
283 silly gunzTarPerm extractEntry nan_persistent_pre_12_inl.h
284 silly gunzTarPerm modified mode [ 'nan_persistent_pre_12_inl.h', 436, 438 ]
285 silly gunzTarPerm extractEntry nan_string_bytes.h
286 silly gunzTarPerm modified mode [ 'nan_string_bytes.h', 436, 438 ]
287 silly gunzTarPerm extractEntry nan_typedarray_contents.h
288 silly gunzTarPerm modified mode [ 'nan_typedarray_contents.h', 436, 438 ]
289 silly gunzTarPerm extractEntry nan_weak.h
290 silly gunzTarPerm modified mode [ 'nan_weak.h', 436, 438 ]
291 silly gunzTarPerm extractEntry tools/package.json
292 silly gunzTarPerm modified mode [ 'tools/package.json', 436, 438 ]
293 silly gunzTarPerm extractEntry tools/README.md
294 silly gunzTarPerm modified mode [ 'tools/README.md', 436, 438 ]
295 silly gunzTarPerm extractEntry tools/1to2.js
296 silly gunzTarPerm modified mode [ 'tools/1to2.js', 509, 511 ]
297 verbose write writing to C:\data\node_modules\oracledb\node_modules\nan\package.json
298 info preinstall nan@2.4.0
299 verbose readDependencies loading dependencies from C:\data\node_modules\oracledb\node_modules\nan\package.json
300 verbose readDependencies loading dependencies from C:\data\node_modules\oracledb\node_modules\nan\package.json
301 silly install resolved []
302 verbose about to build C:\data\node_modules\oracledb\node_modules\nan
303 info build C:\data\node_modules\oracledb\node_modules\nan
304 info linkStuff nan@2.4.0
305 silly linkStuff nan@2.4.0 has C:\data\node_modules\oracledb\node_modules as its parent node_modules
306 verbose linkBins nan@2.4.0
307 verbose linkMans nan@2.4.0
308 verbose rebuildBundles nan@2.4.0
309 info install nan@2.4.0
310 info postinstall nan@2.4.0
311 verbose unlock done using C:\Users\dtdan\AppData\Roaming\npm-cache\_locks\nan-2ace59240245e62c.lock for C:\data\node_modules\oracledb\node_modules\nan
312 verbose about to build C:\data\node_modules\oracledb
313 info build C:\data\node_modules\oracledb
314 info linkStuff oracledb@1.12.2
315 silly linkStuff oracledb@1.12.2 has C:\data\node_modules as its parent node_modules
316 verbose linkBins oracledb@1.12.2
317 verbose linkMans oracledb@1.12.2
318 verbose rebuildBundles oracledb@1.12.2
319 verbose rebuildBundles [ 'nan' ]
320 info install oracledb@1.12.2
321 verbose unsafe-perm in lifecycle true
322 info oracledb@1.12.2 Failed to exec install script
323 verbose unlock done using C:\Users\dtdan\AppData\Roaming\npm-cache\_locks\oracledb-9cd723f83a8488f8.lock for C:\data\node_modules\oracledb
324 verbose stack Error: oracledb@1.12.2 install: `node-gyp rebuild`
324 verbose stack Exit status 1
324 verbose stack     at EventEmitter.<anonymous> (C:\Program Files\nodejs\node_modules\npm\lib\utils\lifecycle.js:217:16)
324 verbose stack     at emitTwo (events.js:87:13)
324 verbose stack     at EventEmitter.emit (events.js:172:7)
324 verbose stack     at ChildProcess.<anonymous> (C:\Program Files\nodejs\node_modules\npm\lib\utils\spawn.js:24:14)
324 verbose stack     at emitTwo (events.js:87:13)
324 verbose stack     at ChildProcess.emit (events.js:172:7)
324 verbose stack     at maybeClose (internal/child_process.js:829:16)
324 verbose stack     at Process.ChildProcess._handle.onexit (internal/child_process.js:211:5)
325 verbose pkgid oracledb@1.12.2
326 verbose cwd C:\data
327 error Windows_NT 10.0.14393
328 error argv "C:\\Program Files\\nodejs\\node.exe" "C:\\Program Files\\nodejs\\node_modules\\npm\\bin\\npm-cli.js" "install" "oracledb"
329 error node v4.5.0
330 error npm  v2.15.9
331 error code ELIFECYCLE
332 error oracledb@1.12.2 install: `node-gyp rebuild`
332 error Exit status 1
333 error Failed at the oracledb@1.12.2 install script 'node-gyp rebuild'.
333 error This is most likely a problem with the oracledb package,
333 error not with npm itself.
333 error Tell the author that this fails on your system:
333 error     node-gyp rebuild
333 error You can get information on how to open an issue for this project with:
333 error     npm bugs oracledb
333 error Or if that isn't available, you can get their info via:
333 error
333 error     npm owner ls oracledb
333 error There is likely additional logging output above.
334 verbose exit [ 1, true ]
335 verbose unbuild node_modules\oracledb
336 info preuninstall oracledb@1.12.2
337 info uninstall oracledb@1.12.2
338 verbose unbuild rmStuff oracledb@1.12.2 from C:\data\node_modules
339 info postuninstall oracledb@1.12.2
340 silly gentlyRm C:\data\node_modules\oracledb is being purged from base C:\data
341 verbose gentlyRm don't care about contents; nuking C:\data\node_modules\oracledb
342 silly vacuum-fs purging C:\data\node_modules\oracledb
343 silly vacuum-fs quitting because other entries in C:\data\node_modules
